<?xml version="1.0" encoding="UTF-8"?>
<!-- Generated by org.testng.reporters.JUnitXMLReporter -->
<testsuite ignored="1" hostname="DESKTOP-MIE8JAS" failures="0" tests="2" name="Tests" time="14.7" errors="0" timestamp="2022-05-09T09:47:23 CEST">
  <testcase classname="com.telran.demoqa.tests.bookStoreTests.LoginPageTests" name="loginPositiveParametersTest" time="1.181"/>
  <testcase classname="com.telran.demoqa.tests.bookStoreTests.LoginPageTests" name="loginPositiveTest" time="1.31"/>
  <testcase classname="com.telran.demoqa.tests.bookStoreTests.LoginPageTests" name="loginPositiveWithAssertTest" time="0.0">
    <ignored/>
  </testcase> <!-- loginPositiveWithAssertTest -->
</testsuite> <!-- Tests -->
