<?xml version="1.0" encoding="UTF-8"?>
<testsuite xmlns:xsi="http://www.w3.org/2001/XMLSchema-instance" xsi:noNamespaceSchemaLocation="https://maven.apache.org/surefire/maven-surefire-plugin/xsd/surefire-test-report.xsd" name="TestSuite" time="15.932" tests="2" errors="0" skipped="0" failures="0">
  <properties>
[...]
</properties>
  <testcase name="loginPositiveParametersTest" classname="com.telran.demoqa.tests.bookStoreTests.LoginPageTests" time="1.186"/>
  <testcase name="loginPositiveTest" classname="com.telran.demoqa.tests.bookStoreTests.LoginPageTests" time="1.308"/>
</testsuite>