<?xml version="1.0" encoding="UTF-8"?>
<testng-results ignored="1" total="3" passed="2" failed="0" skipped="0">
  <reporter-output>
  </reporter-output>
  <suite started-at="2022-05-09T09:47:08 CEST" name="Tests" finished-at="2022-05-09T09:47:22 CEST" duration-ms="14700">
    <groups>
    </groups>
    <test started-at="2022-05-09T09:47:08 CEST" name="Tests" finished-at="2022-05-09T09:47:22 CEST" duration-ms="14700">
      <class name="com.telran.demoqa.tests.bookStoreTests.LoginPageTests">
        <test-method is-config="true" signature="setUp()[pri:0, instance:com.telran.demoqa.tests.bookStoreTests.LoginPageTests@4082ba93]" started-at="2022-05-09T09:47:08 CEST" name="setUp" finished-at="2022-05-09T09:47:12 CEST" duration-ms="4576" status="PASS">
          <reporter-output>
          </reporter-output>
        </test-method> <!-- setUp -->
        <test-method is-config="true" signature="startTest(java.lang.reflect.Method,[Ljava.lang.Object;)[pri:0, instance:com.telran.demoqa.tests.bookStoreTests.LoginPageTests@4082ba93]" started-at="2022-05-09T09:47:12 CEST" name="startTest" finished-at="2022-05-09T09:47:12 CEST" duration-ms="7" status="PASS">
          <params>
            <param index="0">
              <value>
                <![CDATA[public void com.telran.demoqa.tests.bookStoreTests.LoginPageTests.loginPositiveParametersTest(java.lang.String,java.lang.String)]]>
              </value>
            </param>
            <param index="1">
              <value>
                <![CDATA[[Ljava.lang.Object;@3be4f71]]>
              </value>
            </param>
          </params>
          <reporter-output>
          </reporter-output>
        </test-method> <!-- startTest -->
        <test-method is-config="true" signature="ensurePreconditions()[pri:0, instance:com.telran.demoqa.tests.bookStoreTests.LoginPageTests@4082ba93]" started-at="2022-05-09T09:47:12 CEST" name="ensurePreconditions" finished-at="2022-05-09T09:47:14 CEST" duration-ms="1177" status="PASS">
          <reporter-output>
          </reporter-output>
        </test-method> <!-- ensurePreconditions -->
        <test-method signature="loginPositiveParametersTest(java.lang.String,java.lang.String)[pri:0, instance:com.telran.demoqa.tests.bookStoreTests.LoginPageTests@4082ba93]" started-at="2022-05-09T09:47:14 CEST" name="loginPositiveParametersTest" finished-at="2022-05-09T09:47:15 CEST" duration-ms="1181" status="PASS">
          <params>
            <param index="0">
              <value>
                <![CDATA[neuer]]>
              </value>
            </param>
            <param index="1">
              <value>
                <![CDATA[Neuer1234!]]>
              </value>
            </param>
          </params>
          <reporter-output>
          </reporter-output>
        </test-method> <!-- loginPositiveParametersTest -->
        <test-method is-config="true" signature="stopTest(org.testng.ITestResult)[pri:0, instance:com.telran.demoqa.tests.bookStoreTests.LoginPageTests@4082ba93]" started-at="2022-05-09T09:47:15 CEST" name="stopTest" finished-at="2022-05-09T09:47:15 CEST" duration-ms="1" status="PASS">
          <params>
            <param index="0">
              <value>
                <![CDATA[[TestResult name=loginPositiveParametersTest status=SUCCESS method=LoginPageTests.loginPositiveParametersTest(java.lang.String,java.lang.String)[pri:0, instance:com.telran.demoqa.tests.bookStoreTests.LoginPageTests@4082ba93] output={null}]]]>
              </value>
            </param>
          </params>
          <reporter-output>
          </reporter-output>
        </test-method> <!-- stopTest -->
        <test-method is-config="true" signature="tearDown()[pri:0, instance:com.telran.demoqa.tests.bookStoreTests.LoginPageTests@4082ba93]" started-at="2022-05-09T09:47:15 CEST" name="tearDown" finished-at="2022-05-09T09:47:16 CEST" duration-ms="972" status="PASS">
          <reporter-output>
          </reporter-output>
        </test-method> <!-- tearDown -->
        <test-method is-config="true" signature="setUp()[pri:0, instance:com.telran.demoqa.tests.bookStoreTests.LoginPageTests@4082ba93]" started-at="2022-05-09T09:47:16 CEST" name="setUp" finished-at="2022-05-09T09:47:20 CEST" duration-ms="3805" status="PASS">
          <reporter-output>
          </reporter-output>
        </test-method> <!-- setUp -->
        <test-method is-config="true" signature="startTest(java.lang.reflect.Method,[Ljava.lang.Object;)[pri:0, instance:com.telran.demoqa.tests.bookStoreTests.LoginPageTests@4082ba93]" started-at="2022-05-09T09:47:20 CEST" name="startTest" finished-at="2022-05-09T09:47:20 CEST" duration-ms="0" status="PASS">
          <params>
            <param index="0">
              <value>
                <![CDATA[public void com.telran.demoqa.tests.bookStoreTests.LoginPageTests.loginPositiveTest()]]>
              </value>
            </param>
            <param index="1">
              <value>
                <![CDATA[[Ljava.lang.Object;@54f66455]]>
              </value>
            </param>
          </params>
          <reporter-output>
          </reporter-output>
        </test-method> <!-- startTest -->
        <test-method is-config="true" signature="ensurePreconditions()[pri:0, instance:com.telran.demoqa.tests.bookStoreTests.LoginPageTests@4082ba93]" started-at="2022-05-09T09:47:20 CEST" name="ensurePreconditions" finished-at="2022-05-09T09:47:20 CEST" duration-ms="765" status="PASS">
          <reporter-output>
          </reporter-output>
        </test-method> <!-- ensurePreconditions -->
        <test-method signature="loginPositiveTest()[pri:0, instance:com.telran.demoqa.tests.bookStoreTests.LoginPageTests@4082ba93]" started-at="2022-05-09T09:47:20 CEST" name="loginPositiveTest" finished-at="2022-05-09T09:47:22 CEST" duration-ms="1310" status="PASS">
          <reporter-output>
          </reporter-output>
        </test-method> <!-- loginPositiveTest -->
        <test-method is-config="true" signature="stopTest(org.testng.ITestResult)[pri:0, instance:com.telran.demoqa.tests.bookStoreTests.LoginPageTests@4082ba93]" started-at="2022-05-09T09:47:22 CEST" name="stopTest" finished-at="2022-05-09T09:47:22 CEST" duration-ms="1" status="PASS">
          <params>
            <param index="0">
              <value>
                <![CDATA[[TestResult name=loginPositiveTest status=SUCCESS method=LoginPageTests.loginPositiveTest()[pri:0, instance:com.telran.demoqa.tests.bookStoreTests.LoginPageTests@4082ba93] output={null}]]]>
              </value>
            </param>
          </params>
          <reporter-output>
          </reporter-output>
        </test-method> <!-- stopTest -->
        <test-method is-config="true" signature="tearDown()[pri:0, instance:com.telran.demoqa.tests.bookStoreTests.LoginPageTests@4082ba93]" started-at="2022-05-09T09:47:22 CEST" name="tearDown" finished-at="2022-05-09T09:47:22 CEST" duration-ms="857" status="PASS">
          <reporter-output>
          </reporter-output>
        </test-method> <!-- tearDown -->
      </class> <!-- com.telran.demoqa.tests.bookStoreTests.LoginPageTests -->
    </test> <!-- Tests -->
  </suite> <!-- Tests -->
</testng-results>
